mode: set
github.com/lysenkopavlo/booking/internal/handler/handler.go:35.62,40.2 1 0
github.com/lysenkopavlo/booking/internal/handler/handler.go:43.51,48.2 1 1
github.com/lysenkopavlo/booking/internal/handler/handler.go:51.32,53.2 1 1
github.com/lysenkopavlo/booking/internal/handler/handler.go:56.68,62.16 4 1
github.com/lysenkopavlo/booking/internal/handler/handler.go:62.16,65.3 2 0
github.com/lysenkopavlo/booking/internal/handler/handler.go:70.69,78.16 6 1
github.com/lysenkopavlo/booking/internal/handler/handler.go:78.16,81.3 2 0
github.com/lysenkopavlo/booking/internal/handler/handler.go:85.75,89.9 2 1
github.com/lysenkopavlo/booking/internal/handler/handler.go:89.9,93.3 3 1
github.com/lysenkopavlo/booking/internal/handler/handler.go:96.2,97.16 2 1
github.com/lysenkopavlo/booking/internal/handler/handler.go:97.16,102.3 3 1
github.com/lysenkopavlo/booking/internal/handler/handler.go:104.2,125.16 11 1
github.com/lysenkopavlo/booking/internal/handler/handler.go:125.16,128.3 2 0
github.com/lysenkopavlo/booking/internal/handler/handler.go:132.79,135.16 2 1
github.com/lysenkopavlo/booking/internal/handler/handler.go:135.16,139.3 3 1
github.com/lysenkopavlo/booking/internal/handler/handler.go:141.2,147.16 5 1
github.com/lysenkopavlo/booking/internal/handler/handler.go:147.16,151.3 3 1
github.com/lysenkopavlo/booking/internal/handler/handler.go:153.2,154.16 2 0
github.com/lysenkopavlo/booking/internal/handler/handler.go:154.16,158.3 3 0
github.com/lysenkopavlo/booking/internal/handler/handler.go:160.2,161.16 2 0
github.com/lysenkopavlo/booking/internal/handler/handler.go:161.16,165.3 3 0
github.com/lysenkopavlo/booking/internal/handler/handler.go:167.2,168.16 2 0
github.com/lysenkopavlo/booking/internal/handler/handler.go:168.16,172.3 3 0
github.com/lysenkopavlo/booking/internal/handler/handler.go:174.2,190.19 6 0
github.com/lysenkopavlo/booking/internal/handler/handler.go:190.19,203.17 7 0
github.com/lysenkopavlo/booking/internal/handler/handler.go:203.17,206.4 2 0
github.com/lysenkopavlo/booking/internal/handler/handler.go:207.3,207.9 1 0
github.com/lysenkopavlo/booking/internal/handler/handler.go:210.2,211.16 2 0
github.com/lysenkopavlo/booking/internal/handler/handler.go:211.16,215.3 3 0
github.com/lysenkopavlo/booking/internal/handler/handler.go:218.2,227.16 3 0
github.com/lysenkopavlo/booking/internal/handler/handler.go:227.16,231.3 3 0
github.com/lysenkopavlo/booking/internal/handler/handler.go:234.2,235.66 2 0
github.com/lysenkopavlo/booking/internal/handler/handler.go:239.72,242.16 2 1
github.com/lysenkopavlo/booking/internal/handler/handler.go:242.16,245.3 2 0
github.com/lysenkopavlo/booking/internal/handler/handler.go:249.70,251.16 2 1
github.com/lysenkopavlo/booking/internal/handler/handler.go:251.16,254.3 2 0
github.com/lysenkopavlo/booking/internal/handler/handler.go:258.76,260.16 2 1
github.com/lysenkopavlo/booking/internal/handler/handler.go:260.16,263.3 2 0
github.com/lysenkopavlo/booking/internal/handler/handler.go:267.80,269.16 2 1
github.com/lysenkopavlo/booking/internal/handler/handler.go:269.16,272.3 2 1
github.com/lysenkopavlo/booking/internal/handler/handler.go:274.2,280.16 5 1
github.com/lysenkopavlo/booking/internal/handler/handler.go:280.16,284.3 3 1
github.com/lysenkopavlo/booking/internal/handler/handler.go:285.2,286.16 2 0
github.com/lysenkopavlo/booking/internal/handler/handler.go:286.16,290.3 3 0
github.com/lysenkopavlo/booking/internal/handler/handler.go:293.2,294.16 2 0
github.com/lysenkopavlo/booking/internal/handler/handler.go:294.16,298.3 3 0
github.com/lysenkopavlo/booking/internal/handler/handler.go:300.2,300.21 1 0
github.com/lysenkopavlo/booking/internal/handler/handler.go:300.21,306.3 3 0
github.com/lysenkopavlo/booking/internal/handler/handler.go:310.2,323.16 6 0
github.com/lysenkopavlo/booking/internal/handler/handler.go:323.16,327.3 3 0
github.com/lysenkopavlo/booking/internal/handler/handler.go:341.80,346.16 4 0
github.com/lysenkopavlo/booking/internal/handler/handler.go:346.16,349.3 2 0
github.com/lysenkopavlo/booking/internal/handler/handler.go:351.2,353.16 3 0
github.com/lysenkopavlo/booking/internal/handler/handler.go:353.16,356.3 2 0
github.com/lysenkopavlo/booking/internal/handler/handler.go:357.2,358.16 2 0
github.com/lysenkopavlo/booking/internal/handler/handler.go:358.16,361.3 2 0
github.com/lysenkopavlo/booking/internal/handler/handler.go:363.2,364.16 2 0
github.com/lysenkopavlo/booking/internal/handler/handler.go:364.16,367.3 2 0
github.com/lysenkopavlo/booking/internal/handler/handler.go:369.2,378.16 3 0
github.com/lysenkopavlo/booking/internal/handler/handler.go:378.16,381.3 2 0
github.com/lysenkopavlo/booking/internal/handler/handler.go:382.2,386.16 4 0
github.com/lysenkopavlo/booking/internal/handler/handler.go:386.16,389.3 2 0
github.com/lysenkopavlo/booking/internal/handler/handler.go:393.72,395.16 2 1
github.com/lysenkopavlo/booking/internal/handler/handler.go:395.16,398.3 2 0
github.com/lysenkopavlo/booking/internal/handler/handler.go:402.82,404.9 2 0
github.com/lysenkopavlo/booking/internal/handler/handler.go:404.9,409.3 4 0
github.com/lysenkopavlo/booking/internal/handler/handler.go:410.2,425.16 10 0
github.com/lysenkopavlo/booking/internal/handler/handler.go:425.16,428.3 2 0
github.com/lysenkopavlo/booking/internal/handler/handler.go:432.74,436.16 2 0
github.com/lysenkopavlo/booking/internal/handler/handler.go:436.16,439.3 2 0
github.com/lysenkopavlo/booking/internal/handler/handler.go:443.2,444.9 2 0
github.com/lysenkopavlo/booking/internal/handler/handler.go:444.9,447.3 2 0
github.com/lysenkopavlo/booking/internal/handler/handler.go:448.2,450.63 3 0
github.com/lysenkopavlo/booking/internal/handler/handler.go:454.72,460.16 2 0
github.com/lysenkopavlo/booking/internal/handler/handler.go:460.16,463.3 2 0
github.com/lysenkopavlo/booking/internal/handler/handler.go:464.2,470.16 6 0
github.com/lysenkopavlo/booking/internal/handler/handler.go:470.16,472.3 1 0
github.com/lysenkopavlo/booking/internal/handler/handler.go:473.2,474.16 2 0
github.com/lysenkopavlo/booking/internal/handler/handler.go:474.16,476.3 1 0
github.com/lysenkopavlo/booking/internal/handler/handler.go:478.2,485.16 6 0
github.com/lysenkopavlo/booking/internal/handler/handler.go:485.16,488.3 2 0
github.com/lysenkopavlo/booking/internal/handler/handler.go:490.2,493.63 3 0
